zk-nft-migration on î‚  main [ðŸ“ðŸŒ±] via îœ˜ v23.3.0 took 4s 
âžœ npm run instances

> migration@1.0.0 instances
> ts-node src/instances.ts

Processing casio...
Token has 677 holders
Fetched 50 instances, total: 50
Fetched 50 instances, total: 100
Fetched 50 instances, total: 150
Fetched 50 instances, total: 200
Fetched 50 instances, total: 250
Fetched 50 instances, total: 300
Fetched 50 instances, total: 350
Fetched 50 instances, total: 400
Fetched 50 instances, total: 450
Fetched 50 instances, total: 500
Fetched 50 instances, total: 550
Fetched 50 instances, total: 600
Fetched 50 instances, total: 650
Fetched 50 instances, total: 700
Fetched 50 instances, total: 750
Fetched 50 instances, total: 800
Fetched 50 instances, total: 850
Fetched 50 instances, total: 900
Fetched 50 instances, total: 950
Fetched 50 instances, total: 1000
Fetched 50 instances, total: 1050
Fetched 50 instances, total: 1100
Fetched 50 instances, total: 1150
Fetched 50 instances, total: 1200
Fetched 50 instances, total: 1250
Fetched 50 instances, total: 1300
Fetched 50 instances, total: 1350
Fetched 50 instances, total: 1400
Fetched 50 instances, total: 1450
Fetched 50 instances, total: 1500
Fetched 50 instances, total: 1550
Fetched 50 instances, total: 1600
Fetched 50 instances, total: 1650
Fetched 50 instances, total: 1700
Fetched 50 instances, total: 1750
Fetched 50 instances, total: 1800
Fetched 50 instances, total: 1850
Fetched 50 instances, total: 1900
Fetched 50 instances, total: 1950
Fetched 50 instances, total: 2000
Fetched 50 instances, total: 2050
Fetched 25 instances, total: 2075
Written 2075 entries to /Users/mario/zk/zk-nft-migration/src/instances/casio_instances.csv
Processing origamiKokyo...
Token has 2988 holders
Fetched 50 instances, total: 50
Fetched 50 instances, total: 100
Fetched 50 instances, total: 150
Fetched 50 instances, total: 200
Fetched 50 instances, total: 250
Fetched 50 instances, total: 300
Fetched 50 instances, total: 350
Fetched 50 instances, total: 400
Fetched 50 instances, total: 450
Fetched 50 instances, total: 500
Fetched 50 instances, total: 550
Fetched 50 instances, total: 600
Fetched 50 instances, total: 650
Fetched 50 instances, total: 700
Fetched 50 instances, total: 750
Fetched 50 instances, total: 800
Fetched 50 instances, total: 850
Fetched 50 instances, total: 900
Fetched 50 instances, total: 950
Fetched 50 instances, total: 1000
Fetched 50 instances, total: 1050
Fetched 50 instances, total: 1100
Fetched 50 instances, total: 1150
Fetched 50 instances, total: 1200
Fetched 50 instances, total: 1250
Fetched 50 instances, total: 1300
Fetched 50 instances, total: 1350
Fetched 50 instances, total: 1400
Fetched 50 instances, total: 1450
Fetched 50 instances, total: 1500
Fetched 50 instances, total: 1550
Fetched 50 instances, total: 1600
Fetched 50 instances, total: 1650
Fetched 50 instances, total: 1700
Fetched 50 instances, total: 1750
Fetched 50 instances, total: 1800
Fetched 50 instances, total: 1850
Fetched 50 instances, total: 1900
Fetched 50 instances, total: 1950
Fetched 50 instances, total: 2000
Fetched 50 instances, total: 2050
Fetched 50 instances, total: 2100
Fetched 50 instances, total: 2150
Fetched 50 instances, total: 2200
Fetched 50 instances, total: 2250
Fetched 50 instances, total: 2300
Fetched 50 instances, total: 2350
Fetched 50 instances, total: 2400
Fetched 50 instances, total: 2450
Fetched 50 instances, total: 2500
Fetched 50 instances, total: 2550
Fetched 50 instances, total: 2600
Fetched 50 instances, total: 2650
Fetched 50 instances, total: 2700
Fetched 50 instances, total: 2750
Fetched 50 instances, total: 2800
Fetched 50 instances, total: 2850
Fetched 50 instances, total: 2900
Fetched 50 instances, total: 2950
Fetched 50 instances, total: 3000
Written 3000 entries to /Users/mario/zk/zk-nft-migration/src/instances/origamiKokyo_instances.csv
Processing jrKyushuFree...
Token has 3606 holders
Fetched 50 instances, total: 50
Fetched 50 instances, total: 100
Fetched 50 instances, total: 150
Fetched 50 instances, total: 200
Fetched 50 instances, total: 250
Fetched 50 instances, total: 300
Fetched 50 instances, total: 350
Fetched 50 instances, total: 400
Fetched 50 instances, total: 450
Fetched 50 instances, total: 500
Fetched 50 instances, total: 550
Fetched 50 instances, total: 600
Fetched 50 instances, total: 650
Fetched 50 instances, total: 700
Fetched 50 instances, total: 750
Fetched 50 instances, total: 800
Fetched 50 instances, total: 850
Fetched 50 instances, total: 900
Fetched 50 instances, total: 950
Fetched 50 instances, total: 1000
Fetched 50 instances, total: 1050
Fetched 50 instances, total: 1100
Fetched 50 instances, total: 1150
Fetched 50 instances, total: 1200
Fetched 50 instances, total: 1250
Fetched 50 instances, total: 1300
Fetched 50 instances, total: 1350
Fetched 50 instances, total: 1400
Fetched 50 instances, total: 1450
Fetched 50 instances, total: 1500
Fetched 50 instances, total: 1550
Fetched 50 instances, total: 1600
Fetched 50 instances, total: 1650
Fetched 50 instances, total: 1700
Fetched 50 instances, total: 1750
Fetched 50 instances, total: 1800
Fetched 50 instances, total: 1850
Fetched 50 instances, total: 1900
Fetched 50 instances, total: 1950
Fetched 50 instances, total: 2000
Fetched 50 instances, total: 2050
Fetched 50 instances, total: 2100
Fetched 50 instances, total: 2150
Fetched 50 instances, total: 2200
Fetched 50 instances, total: 2250
Fetched 50 instances, total: 2300
Fetched 50 instances, total: 2350
Fetched 50 instances, total: 2400
Fetched 50 instances, total: 2450
Fetched 50 instances, total: 2500
Fetched 50 instances, total: 2550
Fetched 50 instances, total: 2600
Fetched 50 instances, total: 2650
Fetched 50 instances, total: 2700
Fetched 50 instances, total: 2750
Fetched 50 instances, total: 2800
Fetched 50 instances, total: 2850
Fetched 50 instances, total: 2900
Fetched 50 instances, total: 2950
Fetched 50 instances, total: 3000
Fetched 50 instances, total: 3050
Fetched 50 instances, total: 3100
Fetched 50 instances, total: 3150
Fetched 50 instances, total: 3200
Fetched 50 instances, total: 3250
Fetched 50 instances, total: 3300
Fetched 50 instances, total: 3350
Fetched 50 instances, total: 3400
Fetched 50 instances, total: 3450
Fetched 50 instances, total: 3500
Fetched 50 instances, total: 3550
Fetched 50 instances, total: 3600
Fetched 50 instances, total: 3650
Fetched 50 instances, total: 3700
Fetched 50 instances, total: 3750
Fetched 50 instances, total: 3800
Fetched 50 instances, total: 3850
Fetched 50 instances, total: 3900
Fetched 50 instances, total: 3950
Fetched 50 instances, total: 4000
Fetched 50 instances, total: 4050
Fetched 50 instances, total: 4100
Fetched 50 instances, total: 4150
Fetched 50 instances, total: 4200
Fetched 50 instances, total: 4250
Fetched 50 instances, total: 4300
Fetched 50 instances, total: 4350
Fetched 50 instances, total: 4400
Fetched 50 instances, total: 4450
Fetched 50 instances, total: 4500
Fetched 50 instances, total: 4550
Fetched 50 instances, total: 4600
Fetched 50 instances, total: 4650
Fetched 50 instances, total: 4700
Fetched 50 instances, total: 4750
Fetched 50 instances, total: 4800
Fetched 50 instances, total: 4850
Fetched 50 instances, total: 4900
Fetched 50 instances, total: 4950
Fetched 50 instances, total: 5000
Fetched 50 instances, total: 5050
Fetched 50 instances, total: 5100
Fetched 50 instances, total: 5150
Fetched 50 instances, total: 5200
Fetched 50 instances, total: 5250
Fetched 50 instances, total: 5300
Fetched 50 instances, total: 5350
Fetched 50 instances, total: 5400
Fetched 50 instances, total: 5450
Fetched 50 instances, total: 5500
Fetched 50 instances, total: 5550
Fetched 50 instances, total: 5600
Fetched 50 instances, total: 5650
Fetched 50 instances, total: 5700
Fetched 50 instances, total: 5750
Fetched 50 instances, total: 5800
Fetched 50 instances, total: 5850
Fetched 50 instances, total: 5900
Fetched 50 instances, total: 5950
Fetched 50 instances, total: 6000
Fetched 50 instances, total: 6050
Fetched 50 instances, total: 6100
Fetched 50 instances, total: 6150
Fetched 50 instances, total: 6200
Fetched 50 instances, total: 6250
Fetched 50 instances, total: 6300
Fetched 50 instances, total: 6350
Fetched 50 instances, total: 6400
Fetched 50 instances, total: 6450
Fetched 50 instances, total: 6500
Fetched 50 instances, total: 6550
Fetched 50 instances, total: 6600
Fetched 50 instances, total: 6650
Fetched 50 instances, total: 6700
Fetched 50 instances, total: 6750
Fetched 50 instances, total: 6800
Fetched 50 instances, total: 6850
Fetched 50 instances, total: 6900
Fetched 50 instances, total: 6950
Fetched 17 instances, total: 6967
Error processing jrKyushuFree: Error: Mismatch: got 6967 instances, expected null
    at main (/Users/mario/zk/zk-nft-migration/src/instances.ts:141:23)
    at processTicksAndRejections (node:internal/process/task_queues:105:5)
Processing jrKyushuPaid...
Token has 854 holders
Fetched 50 instances, total: 50
Fetched 50 instances, total: 100
Fetched 50 instances, total: 150
Fetched 50 instances, total: 200
Fetched 50 instances, total: 250
Fetched 50 instances, total: 300
Fetched 50 instances, total: 350
Fetched 50 instances, total: 400
Fetched 50 instances, total: 450
Fetched 50 instances, total: 500
Fetched 50 instances, total: 550
Fetched 50 instances, total: 600
Fetched 50 instances, total: 650
Fetched 50 instances, total: 700
Fetched 50 instances, total: 750
Fetched 50 instances, total: 800
Fetched 50 instances, total: 850
Fetched 50 instances, total: 900
Fetched 50 instances, total: 950
Fetched 50 instances, total: 1000
Fetched 50 instances, total: 1050
Fetched 50 instances, total: 1100
Fetched 26 instances, total: 1126
Written 1126 entries to /Users/mario/zk/zk-nft-migration/src/instances/jrKyushuPaid_instances.csv
Processing onigiriman...
Token has 298 holders
Fetched 50 instances, total: 50
Fetched 50 instances, total: 100
Fetched 50 instances, total: 150
Fetched 50 instances, total: 200
Fetched 50 instances, total: 250
Fetched 50 instances, total: 300
Fetched 50 instances, total: 350
Fetched 40 instances, total: 390
Written 390 entries to /Users/mario/zk/zk-nft-migration/src/instances/onigiriman_instances.csv
Processing mazda...
Token has 1089 holders
Fetched 50 instances, total: 50
Fetched 50 instances, total: 100
Fetched 50 instances, total: 150
Fetched 50 instances, total: 200
Fetched 50 instances, total: 250
Fetched 50 instances, total: 300
Fetched 50 instances, total: 350
Fetched 50 instances, total: 400
Fetched 50 instances, total: 450
Fetched 50 instances, total: 500
Fetched 50 instances, total: 550
Fetched 50 instances, total: 600
Fetched 50 instances, total: 650
Fetched 50 instances, total: 700
Fetched 50 instances, total: 750
Fetched 50 instances, total: 800
Fetched 50 instances, total: 850
Fetched 50 instances, total: 900
Fetched 50 instances, total: 950
Fetched 50 instances, total: 1000
Fetched 50 instances, total: 1050
Fetched 50 instances, total: 1100
Fetched 50 instances, total: 1150
Fetched 50 instances, total: 1200
Fetched 50 instances, total: 1250
Fetched 50 instances, total: 1300
Fetched 50 instances, total: 1350
Fetched 50 instances, total: 1400
Fetched 50 instances, total: 1450
Fetched 50 instances, total: 1500
Fetched 50 instances, total: 1550
Fetched 50 instances, total: 1600
Fetched 50 instances, total: 1650
Fetched 50 instances, total: 1700
Fetched 50 instances, total: 1750
Fetched 50 instances, total: 1800
Fetched 50 instances, total: 1850
Fetched 50 instances, total: 1900
Fetched 50 instances, total: 1950
Fetched 50 instances, total: 2000
Fetched 50 instances, total: 2050
Fetched 38 instances, total: 2088
Written 2088 entries to /Users/mario/zk/zk-nft-migration/src/instances/mazda_instances.csv
Processing candyGirl...
Token has 3666 holders
Fetched 50 instances, total: 50
Fetched 50 instances, total: 100
Fetched 50 instances, total: 150
Fetched 50 instances, total: 200
Fetched 50 instances, total: 250
Fetched 50 instances, total: 300
Fetched 50 instances, total: 350
Fetched 50 instances, total: 400
Fetched 50 instances, total: 450
Fetched 50 instances, total: 500
Fetched 50 instances, total: 550
Fetched 50 instances, total: 600
Fetched 50 instances, total: 650
Fetched 50 instances, total: 700
Fetched 50 instances, total: 750
Fetched 50 instances, total: 800
Fetched 50 instances, total: 850
Fetched 50 instances, total: 900
Fetched 50 instances, total: 950
Fetched 50 instances, total: 1000
Fetched 50 instances, total: 1050
Fetched 50 instances, total: 1100
Fetched 50 instances, total: 1150
Fetched 50 instances, total: 1200
Fetched 50 instances, total: 1250
Fetched 50 instances, total: 1300
Fetched 50 instances, total: 1350
Fetched 50 instances, total: 1400
Fetched 50 instances, total: 1450
Fetched 50 instances, total: 1500
Fetched 50 instances, total: 1550
Fetched 50 instances, total: 1600
Fetched 50 instances, total: 1650
Fetched 50 instances, total: 1700
Fetched 50 instances, total: 1750
Fetched 50 instances, total: 1800
Fetched 50 instances, total: 1850
Fetched 50 instances, total: 1900
Fetched 50 instances, total: 1950
Fetched 50 instances, total: 2000
Fetched 50 instances, total: 2050
Fetched 50 instances, total: 2100
Fetched 50 instances, total: 2150
Fetched 50 instances, total: 2200
Fetched 50 instances, total: 2250
Fetched 50 instances, total: 2300
Fetched 50 instances, total: 2350
Fetched 50 instances, total: 2400
Fetched 50 instances, total: 2450
Fetched 50 instances, total: 2500
Fetched 50 instances, total: 2550
Fetched 50 instances, total: 2600
Fetched 50 instances, total: 2650
Fetched 50 instances, total: 2700
Fetched 50 instances, total: 2750
Fetched 50 instances, total: 2800
Fetched 50 instances, total: 2850
Fetched 50 instances, total: 2900
Fetched 50 instances, total: 2950
Fetched 50 instances, total: 3000
Fetched 50 instances, total: 3050
Fetched 50 instances, total: 3100
Fetched 50 instances, total: 3150
Fetched 50 instances, total: 3200
Fetched 50 instances, total: 3250
Fetched 50 instances, total: 3300
Fetched 50 instances, total: 3350
Fetched 50 instances, total: 3400
Fetched 50 instances, total: 3450
Fetched 50 instances, total: 3500
Fetched 50 instances, total: 3550
Fetched 50 instances, total: 3600
Fetched 50 instances, total: 3650
Fetched 50 instances, total: 3700
Fetched 50 instances, total: 3750
Fetched 50 instances, total: 3800
Fetched 50 instances, total: 3850
Fetched 50 instances, total: 3900
Fetched 50 instances, total: 3950
Fetched 50 instances, total: 4000
Fetched 50 instances, total: 4050
Fetched 50 instances, total: 4100
Fetched 50 instances, total: 4150
Fetched 50 instances, total: 4200
Fetched 50 instances, total: 4250
Fetched 50 instances, total: 4300
Fetched 50 instances, total: 4350
Fetched 50 instances, total: 4400
Fetched 50 instances, total: 4450
Fetched 50 instances, total: 4500
Fetched 50 instances, total: 4550
Fetched 50 instances, total: 4600
Fetched 50 instances, total: 4650
Fetched 50 instances, total: 4700
Fetched 50 instances, total: 4750
Fetched 50 instances, total: 4800
Fetched 50 instances, total: 4850
Fetched 50 instances, total: 4900
Fetched 50 instances, total: 4950
Fetched 50 instances, total: 5000
Fetched 50 instances, total: 5050
Fetched 50 instances, total: 5100
Fetched 50 instances, total: 5150
Fetched 50 instances, total: 5200
Fetched 50 instances, total: 5250
Fetched 50 instances, total: 5300
Fetched 50 instances, total: 5350
Fetched 50 instances, total: 5400
Fetched 50 instances, total: 5450
Fetched 50 instances, total: 5500
Fetched 50 instances, total: 5550
Fetched 50 instances, total: 5600
Fetched 50 instances, total: 5650
Fetched 50 instances, total: 5700
Fetched 50 instances, total: 5750
Fetched 50 instances, total: 5800
Fetched 50 instances, total: 5850
Fetched 50 instances, total: 5900
Fetched 50 instances, total: 5950
Fetched 50 instances, total: 6000
Fetched 50 instances, total: 6050
Fetched 50 instances, total: 6100
Fetched 50 instances, total: 6150
Fetched 50 instances, total: 6200
Fetched 50 instances, total: 6250
Fetched 50 instances, total: 6300
Fetched 50 instances, total: 6350
Fetched 50 instances, total: 6400
Fetched 50 instances, total: 6450
Fetched 50 instances, total: 6500
Fetched 50 instances, total: 6550
Fetched 50 instances, total: 6600
Fetched 50 instances, total: 6650
Fetched 50 instances, total: 6700
Fetched 50 instances, total: 6750
Fetched 50 instances, total: 6800
Fetched 50 instances, total: 6850
Fetched 50 instances, total: 6900
Fetched 50 instances, total: 6950
Fetched 50 instances, total: 7000
Fetched 50 instances, total: 7050
Fetched 50 instances, total: 7100
Fetched 50 instances, total: 7150
Fetched 50 instances, total: 7200
Fetched 50 instances, total: 7250
Fetched 50 instances, total: 7300
Fetched 50 instances, total: 7350
Fetched 50 instances, total: 7400
Fetched 50 instances, total: 7450
Fetched 50 instances, total: 7500
Fetched 50 instances, total: 7550
Fetched 50 instances, total: 7600
Fetched 50 instances, total: 7650
Fetched 50 instances, total: 7700
Fetched 50 instances, total: 7750
Fetched 50 instances, total: 7800
Fetched 50 instances, total: 7850
Fetched 50 instances, total: 7900
Fetched 50 instances, total: 7950
Fetched 50 instances, total: 8000
Fetched 50 instances, total: 8050
Fetched 50 instances, total: 8100
Fetched 50 instances, total: 8150
Fetched 50 instances, total: 8200
Fetched 50 instances, total: 8250
Fetched 50 instances, total: 8300
Fetched 50 instances, total: 8350
Fetched 50 instances, total: 8400
Fetched 50 instances, total: 8450
Fetched 50 instances, total: 8500
Fetched 50 instances, total: 8550
Fetched 50 instances, total: 8600
Fetched 50 instances, total: 8650
Fetched 50 instances, total: 8700
Fetched 50 instances, total: 8750
Fetched 50 instances, total: 8800
Fetched 50 instances, total: 8850
Fetched 50 instances, total: 8900
Fetched 50 instances, total: 8950
Fetched 50 instances, total: 9000
Fetched 50 instances, total: 9050
Fetched 50 instances, total: 9100
Fetched 50 instances, total: 9150
Fetched 50 instances, total: 9200
Fetched 50 instances, total: 9250
Fetched 50 instances, total: 9300
Fetched 50 instances, total: 9350
Fetched 50 instances, total: 9400
Fetched 50 instances, total: 9450
Fetched 50 instances, total: 9500
Fetched 50 instances, total: 9550
Fetched 50 instances, total: 9600
Fetched 50 instances, total: 9650
Fetched 50 instances, total: 9700
Fetched 50 instances, total: 9750
Fetched 50 instances, total: 9800
Fetched 50 instances, total: 9850
Fetched 50 instances, total: 9900
Fetched 50 instances, total: 9950
Fetched 50 instances, total: 10000
Fetched 50 instances, total: 10050
Fetched 50 instances, total: 10100
Fetched 50 instances, total: 10150
Fetched 50 instances, total: 10200
Fetched 50 instances, total: 10250
Fetched 50 instances, total: 10300
Fetched 50 instances, total: 10350
Fetched 50 instances, total: 10400
Fetched 50 instances, total: 10450
Fetched 50 instances, total: 10500
Fetched 50 instances, total: 10550
Fetched 50 instances, total: 10600
Fetched 50 instances, total: 10650
Fetched 50 instances, total: 10700
Fetched 50 instances, total: 10750
Fetched 50 instances, total: 10800
Fetched 50 instances, total: 10850
Fetched 50 instances, total: 10900
Fetched 50 instances, total: 10950
Fetched 50 instances, total: 11000
Fetched 50 instances, total: 11050
Fetched 50 instances, total: 11100
Fetched 50 instances, total: 11150
Fetched 50 instances, total: 11200
Fetched 50 instances, total: 11250
Fetched 50 instances, total: 11300
Fetched 50 instances, total: 11350
Fetched 50 instances, total: 11400
Fetched 50 instances, total: 11450
Fetched 50 instances, total: 11500
Fetched 50 instances, total: 11550
Fetched 50 instances, total: 11600
Fetched 50 instances, total: 11650
Fetched 50 instances, total: 11700
Fetched 50 instances, total: 11750
Fetched 50 instances, total: 11800
Fetched 50 instances, total: 11850
Fetched 50 instances, total: 11900
Fetched 50 instances, total: 11950
Fetched 50 instances, total: 12000
Fetched 50 instances, total: 12050
Fetched 50 instances, total: 12100
Fetched 50 instances, total: 12150
Fetched 50 instances, total: 12200
Fetched 50 instances, total: 12250
Fetched 50 instances, total: 12300
Fetched 50 instances, total: 12350
Fetched 50 instances, total: 12400
Fetched 50 instances, total: 12450
Fetched 50 instances, total: 12500
Fetched 50 instances, total: 12550
Fetched 50 instances, total: 12600
Fetched 50 instances, total: 12650
Fetched 50 instances, total: 12700
Fetched 25 instances, total: 12725
Written 12725 entries to /Users/mario/zk/zk-nft-migration/src/instances/candyGirl_instances.csv
Processing his...
Token has 1221 holders
Error fetching instances: TypeError: Cannot read properties of null (reading 'hash')
    at fetchAllInstances (/Users/mario/zk/zk-nft-migration/src/instances.ts:52:59)
    at processTicksAndRejections (node:internal/process/task_queues:105:5)
    at async main (/Users/mario/zk/zk-nft-migration/src/instances.ts:136:31)
Error processing his: Error: Mismatch: got 0 instances, expected 2708
    at main (/Users/mario/zk/zk-nft-migration/src/instances.ts:141:23)
    at processTicksAndRejections (node:internal/process/task_queues:105:5)
Processing sashimi...
Token has 344 holders
Fetched 50 instances, total: 50
Fetched 50 instances, total: 100
Fetched 50 instances, total: 150
Fetched 50 instances, total: 200
Fetched 50 instances, total: 250
Fetched 50 instances, total: 300
Fetched 50 instances, total: 350
Fetched 50 instances, total: 400
Fetched 50 instances, total: 450
Fetched 1 instances, total: 451
Written 451 entries to /Users/mario/zk/zk-nft-migration/src/instances/sashimi_instances.csv
Processing UZNo...
Token has 1148 holders
Fetched 50 instances, total: 50
Fetched 50 instances, total: 100
Fetched 50 instances, total: 150
Fetched 50 instances, total: 200
Fetched 50 instances, total: 250
Fetched 50 instances, total: 300
Fetched 50 instances, total: 350
Fetched 50 instances, total: 400
Fetched 50 instances, total: 450
Fetched 50 instances, total: 500
Fetched 50 instances, total: 550
Fetched 50 instances, total: 600
Fetched 50 instances, total: 650
Fetched 50 instances, total: 700
Fetched 50 instances, total: 750
Fetched 50 instances, total: 800
Fetched 50 instances, total: 850
Fetched 50 instances, total: 900
Fetched 50 instances, total: 950
Fetched 50 instances, total: 1000
Fetched 50 instances, total: 1050
Fetched 50 instances, total: 1100
Fetched 50 instances, total: 1150
Fetched 50 instances, total: 1200
Fetched 50 instances, total: 1250
Fetched 50 instances, total: 1300
Fetched 50 instances, total: 1350
Fetched 50 instances, total: 1400
Fetched 50 instances, total: 1450
Fetched 50 instances, total: 1500
Fetched 50 instances, total: 1550
Fetched 50 instances, total: 1600
Fetched 50 instances, total: 1650
Fetched 50 instances, total: 1700
Fetched 50 instances, total: 1750
Fetched 50 instances, total: 1800
Fetched 50 instances, total: 1850
Fetched 50 instances, total: 1900
Fetched 50 instances, total: 1950
Fetched 50 instances, total: 2000
Fetched 50 instances, total: 2050
Written 2050 entries to /Users/mario/zk/zk-nft-migration/src/instances/UZNo_instances.csv
Processing DenDekaDen...
Token has 1999 holders
Fetched 50 instances, total: 50
Fetched 50 instances, total: 100
Fetched 50 instances, total: 150
Fetched 50 instances, total: 200
Fetched 50 instances, total: 250
Fetched 50 instances, total: 300
Fetched 50 instances, total: 350
Fetched 50 instances, total: 400
Fetched 50 instances, total: 450
Fetched 50 instances, total: 500
Fetched 50 instances, total: 550
Fetched 50 instances, total: 600
Fetched 50 instances, total: 650
Fetched 50 instances, total: 700
Fetched 50 instances, total: 750
Fetched 50 instances, total: 800
Fetched 50 instances, total: 850
Fetched 50 instances, total: 900
Fetched 50 instances, total: 950
Fetched 50 instances, total: 1000
Fetched 50 instances, total: 1050
Fetched 50 instances, total: 1100
Fetched 50 instances, total: 1150
Fetched 50 instances, total: 1200
Fetched 50 instances, total: 1250
Fetched 50 instances, total: 1300
Fetched 50 instances, total: 1350
Fetched 50 instances, total: 1400
Fetched 50 instances, total: 1450
Fetched 50 instances, total: 1500
Fetched 50 instances, total: 1550
Fetched 50 instances, total: 1600
Fetched 50 instances, total: 1650
Fetched 50 instances, total: 1700
Fetched 50 instances, total: 1750
Fetched 50 instances, total: 1800
Fetched 50 instances, total: 1850
Fetched 50 instances, total: 1900
Fetched 50 instances, total: 1950
Fetched 50 instances, total: 2000
Fetched 50 instances, total: 2050
Fetched 50 instances, total: 2100
Fetched 50 instances, total: 2150
Fetched 50 instances, total: 2200
Fetched 50 instances, total: 2250
Fetched 50 instances, total: 2300
Fetched 50 instances, total: 2350
Fetched 50 instances, total: 2400
Fetched 50 instances, total: 2450
Fetched 50 instances, total: 2500
Fetched 50 instances, total: 2550
Fetched 50 instances, total: 2600
Fetched 50 instances, total: 2650
Fetched 50 instances, total: 2700
Fetched 50 instances, total: 2750
Fetched 50 instances, total: 2800
Fetched 50 instances, total: 2850
Fetched 50 instances, total: 2900
Fetched 50 instances, total: 2950
Fetched 50 instances, total: 3000
Fetched 50 instances, total: 3050
Fetched 50 instances, total: 3100
Fetched 50 instances, total: 3150
Fetched 50 instances, total: 3200
Fetched 50 instances, total: 3250
Fetched 50 instances, total: 3300
Fetched 50 instances, total: 3350
Fetched 50 instances, total: 3400
Fetched 50 instances, total: 3450
Fetched 50 instances, total: 3500
Fetched 50 instances, total: 3550
Fetched 50 instances, total: 3600
Fetched 50 instances, total: 3650
Fetched 50 instances, total: 3700
Fetched 50 instances, total: 3750
Fetched 50 instances, total: 3800
Fetched 50 instances, total: 3850
Fetched 50 instances, total: 3900
Fetched 50 instances, total: 3950
Fetched 50 instances, total: 4000
Fetched 50 instances, total: 4050
Fetched 50 instances, total: 4100
Fetched 50 instances, total: 4150
Fetched 50 instances, total: 4200
Fetched 50 instances, total: 4250
Fetched 50 instances, total: 4300
Fetched 50 instances, total: 4350
Fetched 50 instances, total: 4400
Fetched 50 instances, total: 4450
Fetched 50 instances, total: 4500
Fetched 50 instances, total: 4550
Fetched 50 instances, total: 4600
Fetched 50 instances, total: 4650
Fetched 50 instances, total: 4700
Fetched 50 instances, total: 4750
Fetched 50 instances, total: 4800
Fetched 50 instances, total: 4850
Fetched 50 instances, total: 4900
Fetched 50 instances, total: 4950
Fetched 50 instances, total: 5000
Fetched 50 instances, total: 5050
Fetched 50 instances, total: 5100
Fetched 50 instances, total: 5150
Fetched 50 instances, total: 5200
Fetched 50 instances, total: 5250
Fetched 50 instances, total: 5300
Fetched 50 instances, total: 5350
Fetched 50 instances, total: 5400
Fetched 50 instances, total: 5450
Fetched 50 instances, total: 5500
Fetched 50 instances, total: 5550
Fetched 50 instances, total: 5600
Fetched 50 instances, total: 5650
Fetched 50 instances, total: 5700
Fetched 50 instances, total: 5750
Fetched 50 instances, total: 5800
Fetched 50 instances, total: 5850
Fetched 50 instances, total: 5900
Fetched 50 instances, total: 5950
Fetched 50 instances, total: 6000
Fetched 50 instances, total: 6050
Fetched 50 instances, total: 6100
Fetched 50 instances, total: 6150
Fetched 50 instances, total: 6200
Fetched 50 instances, total: 6250
Fetched 50 instances, total: 6300
Fetched 50 instances, total: 6350
Fetched 50 instances, total: 6400
Fetched 50 instances, total: 6450
Fetched 50 instances, total: 6500
Fetched 50 instances, total: 6550
Fetched 50 instances, total: 6600
Fetched 50 instances, total: 6650
Fetched 50 instances, total: 6700
Fetched 50 instances, total: 6750
Fetched 50 instances, total: 6800
Fetched 50 instances, total: 6850
Fetched 50 instances, total: 6900
Fetched 50 instances, total: 6950
Fetched 50 instances, total: 7000
Fetched 50 instances, total: 7050
Fetched 50 instances, total: 7100
Fetched 50 instances, total: 7150
Fetched 50 instances, total: 7200
Fetched 50 instances, total: 7250
Fetched 50 instances, total: 7300
Fetched 50 instances, total: 7350
Fetched 50 instances, total: 7400
Fetched 50 instances, total: 7450
Fetched 50 instances, total: 7500
Fetched 50 instances, total: 7550
Fetched 50 instances, total: 7600
Fetched 50 instances, total: 7650
Fetched 50 instances, total: 7700
Fetched 50 instances, total: 7750
Fetched 50 instances, total: 7800
Fetched 50 instances, total: 7850
Fetched 50 instances, total: 7900
Fetched 50 instances, total: 7950
Fetched 50 instances, total: 8000
Fetched 50 instances, total: 8050
Fetched 50 instances, total: 8100
Fetched 50 instances, total: 8150
Fetched 50 instances, total: 8200
Fetched 50 instances, total: 8250
Fetched 50 instances, total: 8300
Fetched 50 instances, total: 8350
Fetched 50 instances, total: 8400
Fetched 50 instances, total: 8450
Fetched 50 instances, total: 8500
Fetched 50 instances, total: 8550
Fetched 50 instances, total: 8600
Fetched 50 instances, total: 8650
Fetched 50 instances, total: 8700
Fetched 50 instances, total: 8750
Fetched 50 instances, total: 8800
Fetched 50 instances, total: 8850
Fetched 38 instances, total: 8888
Written 8888 entries to /Users/mario/zk/zk-nft-migration/src/instances/DenDekaDen_instances.csv
Processing CityPopTokyo...
Token has 1471 holders
Fetched 50 instances, total: 50
Fetched 50 instances, total: 100
Fetched 50 instances, total: 150
Fetched 50 instances, total: 200
Fetched 50 instances, total: 250
Fetched 50 instances, total: 300
Fetched 50 instances, total: 350
Fetched 50 instances, total: 400
Fetched 50 instances, total: 450
Fetched 50 instances, total: 500
Fetched 50 instances, total: 550
Fetched 50 instances, total: 600
Fetched 50 instances, total: 650
Fetched 50 instances, total: 700
Fetched 50 instances, total: 750
Fetched 50 instances, total: 800
Fetched 50 instances, total: 850
Fetched 50 instances, total: 900
Fetched 50 instances, total: 950
Fetched 50 instances, total: 1000
Fetched 50 instances, total: 1050
Fetched 50 instances, total: 1100
Fetched 50 instances, total: 1150
Fetched 50 instances, total: 1200
Fetched 50 instances, total: 1250
Fetched 50 instances, total: 1300
Fetched 50 instances, total: 1350
Fetched 50 instances, total: 1400
Fetched 50 instances, total: 1450
Fetched 50 instances, total: 1500
Fetched 50 instances, total: 1550
Fetched 50 instances, total: 1600
Fetched 50 instances, total: 1650
Fetched 50 instances, total: 1700
Fetched 50 instances, total: 1750
Fetched 50 instances, total: 1800
Fetched 50 instances, total: 1850
Fetched 50 instances, total: 1900
Fetched 50 instances, total: 1950
Fetched 50 instances, total: 2000
Fetched 50 instances, total: 2050
Fetched 50 instances, total: 2100
Fetched 50 instances, total: 2150
Fetched 50 instances, total: 2200
Fetched 50 instances, total: 2250
Fetched 50 instances, total: 2300
Fetched 50 instances, total: 2350
Fetched 50 instances, total: 2400
Fetched 50 instances, total: 2450
Fetched 50 instances, total: 2500
Fetched 50 instances, total: 2550
Fetched 50 instances, total: 2600
Fetched 50 instances, total: 2650
Fetched 50 instances, total: 2700
Fetched 50 instances, total: 2750
Fetched 50 instances, total: 2800
Fetched 50 instances, total: 2850
Fetched 50 instances, total: 2900
Fetched 50 instances, total: 2950
Fetched 50 instances, total: 3000
Fetched 50 instances, total: 3050
Fetched 50 instances, total: 3100
Fetched 50 instances, total: 3150
Fetched 50 instances, total: 3200
Fetched 50 instances, total: 3250
Fetched 50 instances, total: 3300
Fetched 50 instances, total: 3350
Fetched 50 instances, total: 3400
Fetched 50 instances, total: 3450
Fetched 50 instances, total: 3500
Fetched 50 instances, total: 3550
Fetched 50 instances, total: 3600
Fetched 41 instances, total: 3641
Written 3641 entries to /Users/mario/zk/zk-nft-migration/src/instances/CityPopTokyo_instances.csv
Processing JapanCreatorCollection...
Token has 2309 holders
Fetched 50 instances, total: 50
Fetched 50 instances, total: 100
Fetched 50 instances, total: 150
Fetched 50 instances, total: 200
Fetched 50 instances, total: 250
Fetched 50 instances, total: 300
Fetched 50 instances, total: 350
Fetched 50 instances, total: 400
Fetched 50 instances, total: 450
Fetched 50 instances, total: 500
Fetched 50 instances, total: 550
Fetched 50 instances, total: 600
Fetched 50 instances, total: 650
Fetched 50 instances, total: 700
Fetched 50 instances, total: 750
Fetched 50 instances, total: 800
Fetched 50 instances, total: 850
Fetched 50 instances, total: 900
Fetched 50 instances, total: 950
Fetched 50 instances, total: 1000
Fetched 50 instances, total: 1050
Fetched 50 instances, total: 1100
Fetched 50 instances, total: 1150
Fetched 50 instances, total: 1200
Fetched 50 instances, total: 1250
Fetched 50 instances, total: 1300
Fetched 50 instances, total: 1350
Fetched 50 instances, total: 1400
Fetched 50 instances, total: 1450
Fetched 50 instances, total: 1500
Fetched 50 instances, total: 1550
Fetched 50 instances, total: 1600
Fetched 50 instances, total: 1650
Fetched 50 instances, total: 1700
Fetched 50 instances, total: 1750
Fetched 50 instances, total: 1800
Fetched 50 instances, total: 1850
Fetched 50 instances, total: 1900
Fetched 50 instances, total: 1950
Fetched 50 instances, total: 2000
Fetched 50 instances, total: 2050
Fetched 50 instances, total: 2100
Fetched 50 instances, total: 2150
Fetched 50 instances, total: 2200
Fetched 50 instances, total: 2250
Fetched 50 instances, total: 2300
Fetched 50 instances, total: 2350
Fetched 50 instances, total: 2400
Fetched 50 instances, total: 2450
Fetched 50 instances, total: 2500
Fetched 50 instances, total: 2550
Fetched 50 instances, total: 2600
Fetched 50 instances, total: 2650
Fetched 50 instances, total: 2700
Fetched 50 instances, total: 2750
Fetched 50 instances, total: 2800
Fetched 50 instances, total: 2850
Fetched 50 instances, total: 2900
Fetched 50 instances, total: 2950
Fetched 50 instances, total: 3000
Fetched 50 instances, total: 3050
Fetched 50 instances, total: 3100
Fetched 50 instances, total: 3150
Fetched 50 instances, total: 3200
Fetched 50 instances, total: 3250
Fetched 50 instances, total: 3300
Fetched 50 instances, total: 3350
Fetched 50 instances, total: 3400
Fetched 50 instances, total: 3450
Fetched 50 instances, total: 3500
Fetched 50 instances, total: 3550
Fetched 50 instances, total: 3600
Fetched 50 instances, total: 3650
Fetched 50 instances, total: 3700
Fetched 50 instances, total: 3750
Fetched 50 instances, total: 3800
Fetched 50 instances, total: 3850
Fetched 50 instances, total: 3900
Fetched 50 instances, total: 3950
Fetched 50 instances, total: 4000
Fetched 50 instances, total: 4050
Fetched 50 instances, total: 4100
Fetched 50 instances, total: 4150
Fetched 50 instances, total: 4200
Fetched 50 instances, total: 4250
Fetched 50 instances, total: 4300
Fetched 50 instances, total: 4350
Fetched 50 instances, total: 4400
Fetched 50 instances, total: 4450
Fetched 50 instances, total: 4500
Fetched 50 instances, total: 4550
Fetched 50 instances, total: 4600
Fetched 50 instances, total: 4650
Fetched 50 instances, total: 4700
Fetched 50 instances, total: 4750
Fetched 50 instances, total: 4800
Fetched 50 instances, total: 4850
Fetched 50 instances, total: 4900
Fetched 50 instances, total: 4950
Fetched 50 instances, total: 5000
Fetched 50 instances, total: 5050
Fetched 50 instances, total: 5100
Fetched 50 instances, total: 5150
Fetched 50 instances, total: 5200
Fetched 50 instances, total: 5250
Fetched 50 instances, total: 5300
Fetched 50 instances, total: 5350
Fetched 50 instances, total: 5400
Fetched 50 instances, total: 5450
Fetched 50 instances, total: 5500
Fetched 50 instances, total: 5550
Fetched 50 instances, total: 5600
Fetched 50 instances, total: 5650
Fetched 50 instances, total: 5700
Fetched 50 instances, total: 5750
Fetched 50 instances, total: 5800
Fetched 50 instances, total: 5850
Fetched 50 instances, total: 5900
Fetched 50 instances, total: 5950
Fetched 50 instances, total: 6000
Fetched 50 instances, total: 6050
Fetched 50 instances, total: 6100
Fetched 50 instances, total: 6150
Fetched 50 instances, total: 6200
Fetched 50 instances, total: 6250
Fetched 50 instances, total: 6300
Fetched 50 instances, total: 6350
Fetched 50 instances, total: 6400
Fetched 50 instances, total: 6450
Fetched 50 instances, total: 6500
Fetched 50 instances, total: 6550
Fetched 50 instances, total: 6600
Fetched 50 instances, total: 6650
Fetched 50 instances, total: 6700
Fetched 50 instances, total: 6750
Fetched 50 instances, total: 6800
Fetched 50 instances, total: 6850
Fetched 50 instances, total: 6900
Fetched 50 instances, total: 6950
Fetched 50 instances, total: 7000
Fetched 50 instances, total: 7050
Fetched 50 instances, total: 7100
Fetched 50 instances, total: 7150
Fetched 50 instances, total: 7200
Fetched 50 instances, total: 7250
Fetched 50 instances, total: 7300
Fetched 50 instances, total: 7350
Fetched 50 instances, total: 7400
Fetched 50 instances, total: 7450
Fetched 50 instances, total: 7500
Fetched 50 instances, total: 7550
Fetched 50 instances, total: 7600
Fetched 50 instances, total: 7650
Fetched 50 instances, total: 7700
Fetched 50 instances, total: 7750
Fetched 50 instances, total: 7800
Fetched 50 instances, total: 7850
Fetched 50 instances, total: 7900
Fetched 50 instances, total: 7950
Fetched 50 instances, total: 8000
Fetched 50 instances, total: 8050
Fetched 50 instances, total: 8100
Fetched 50 instances, total: 8150
Fetched 50 instances, total: 8200
Fetched 50 instances, total: 8250
Fetched 50 instances, total: 8300
Fetched 50 instances, total: 8350
Fetched 50 instances, total: 8400
Fetched 50 instances, total: 8450
Fetched 50 instances, total: 8500
Fetched 50 instances, total: 8550
Fetched 50 instances, total: 8600
Fetched 50 instances, total: 8650
Fetched 50 instances, total: 8700
Fetched 50 instances, total: 8750
Fetched 50 instances, total: 8800
Fetched 50 instances, total: 8850
Fetched 50 instances, total: 8900
Fetched 50 instances, total: 8950
Fetched 50 instances, total: 9000
Fetched 50 instances, total: 9050
Fetched 50 instances, total: 9100
Fetched 50 instances, total: 9150
Fetched 50 instances, total: 9200
Fetched 50 instances, total: 9250
Fetched 50 instances, total: 9300
Fetched 50 instances, total: 9350
Fetched 50 instances, total: 9400
Fetched 50 instances, total: 9450
Fetched 50 instances, total: 9500
Fetched 50 instances, total: 9550
Fetched 50 instances, total: 9600
Fetched 50 instances, total: 9650
Fetched 50 instances, total: 9700
Fetched 50 instances, total: 9750
Fetched 50 instances, total: 9800
Fetched 50 instances, total: 9850
Fetched 50 instances, total: 9900
Fetched 50 instances, total: 9950
Fetched 50 instances, total: 10000
Fetched 50 instances, total: 10050
Fetched 50 instances, total: 10100
Fetched 50 instances, total: 10150
Fetched 50 instances, total: 10200
Fetched 50 instances, total: 10250
Fetched 50 instances, total: 10300
Fetched 50 instances, total: 10350
Fetched 50 instances, total: 10400
Fetched 50 instances, total: 10450
Fetched 50 instances, total: 10500
Fetched 50 instances, total: 10550
Fetched 50 instances, total: 10600
Fetched 50 instances, total: 10650
Fetched 50 instances, total: 10700
Fetched 50 instances, total: 10750
Fetched 50 instances, total: 10800
Fetched 50 instances, total: 10850
Fetched 50 instances, total: 10900
Fetched 50 instances, total: 10950
Fetched 50 instances, total: 11000
Fetched 50 instances, total: 11050
Fetched 50 instances, total: 11100
Fetched 50 instances, total: 11150
Fetched 50 instances, total: 11200
Fetched 50 instances, total: 11250
Fetched 50 instances, total: 11300
Fetched 50 instances, total: 11350
Fetched 50 instances, total: 11400
Fetched 50 instances, total: 11450
Fetched 50 instances, total: 11500
Fetched 50 instances, total: 11550
Fetched 50 instances, total: 11600
Fetched 50 instances, total: 11650
Fetched 50 instances, total: 11700
Fetched 50 instances, total: 11750
Fetched 50 instances, total: 11800
Fetched 50 instances, total: 11850
Fetched 50 instances, total: 11900
Fetched 50 instances, total: 11950
Fetched 50 instances, total: 12000
Fetched 50 instances, total: 12050
Fetched 50 instances, total: 12100
Fetched 50 instances, total: 12150
Fetched 50 instances, total: 12200
Fetched 50 instances, total: 12250
Fetched 50 instances, total: 12300
Fetched 50 instances, total: 12350
Fetched 50 instances, total: 12400
Fetched 50 instances, total: 12450
Fetched 50 instances, total: 12500
Fetched 50 instances, total: 12550
Fetched 50 instances, total: 12600
Fetched 50 instances, total: 12650
Fetched 50 instances, total: 12700
Fetched 50 instances, total: 12750
Fetched 50 instances, total: 12800
Fetched 50 instances, total: 12850
Fetched 50 instances, total: 12900
Fetched 50 instances, total: 12950
Fetched 50 instances, total: 13000
Fetched 50 instances, total: 13050
Fetched 50 instances, total: 13100
Fetched 50 instances, total: 13150
Fetched 50 instances, total: 13200
Fetched 50 instances, total: 13250
Fetched 50 instances, total: 13300
Fetched 50 instances, total: 13350
Fetched 50 instances, total: 13400
Fetched 50 instances, total: 13450
Fetched 50 instances, total: 13500
Fetched 50 instances, total: 13550
Fetched 50 instances, total: 13600
Fetched 50 instances, total: 13650
Fetched 50 instances, total: 13700
Fetched 50 instances, total: 13750
Fetched 50 instances, total: 13800
Fetched 50 instances, total: 13850
Fetched 50 instances, total: 13900
Fetched 50 instances, total: 13950
Fetched 50 instances, total: 14000
Fetched 50 instances, total: 14050
Fetched 50 instances, total: 14100
Fetched 50 instances, total: 14150
Fetched 50 instances, total: 14200
Fetched 50 instances, total: 14250
Fetched 50 instances, total: 14300
Fetched 50 instances, total: 14350
Fetched 50 instances, total: 14400
Fetched 50 instances, total: 14450
Fetched 50 instances, total: 14500
Fetched 50 instances, total: 14550
Fetched 50 instances, total: 14600
Fetched 50 instances, total: 14650
Fetched 50 instances, total: 14700
Fetched 50 instances, total: 14750
Fetched 50 instances, total: 14800
Fetched 50 instances, total: 14850
Fetched 50 instances, total: 14900
Fetched 50 instances, total: 14950
Fetched 50 instances, total: 15000
Fetched 50 instances, total: 15050
Fetched 50 instances, total: 15100
Fetched 50 instances, total: 15150
Fetched 50 instances, total: 15200
Fetched 50 instances, total: 15250
Fetched 50 instances, total: 15300
Fetched 50 instances, total: 15350
Fetched 50 instances, total: 15400
Fetched 50 instances, total: 15450
Fetched 50 instances, total: 15500
Fetched 50 instances, total: 15550
Fetched 50 instances, total: 15600
Fetched 50 instances, total: 15650
Fetched 50 instances, total: 15700
Fetched 50 instances, total: 15750
Fetched 50 instances, total: 15800
Fetched 50 instances, total: 15850
Fetched 50 instances, total: 15900
Fetched 50 instances, total: 15950
Fetched 50 instances, total: 16000
Fetched 50 instances, total: 16050
Fetched 50 instances, total: 16100
Fetched 50 instances, total: 16150
Fetched 50 instances, total: 16200
Fetched 50 instances, total: 16250
Fetched 50 instances, total: 16300
Fetched 50 instances, total: 16350
Fetched 50 instances, total: 16400
Fetched 50 instances, total: 16450
Fetched 50 instances, total: 16500
Fetched 50 instances, total: 16550
Fetched 50 instances, total: 16600
Fetched 50 instances, total: 16650
Fetched 50 instances, total: 16700
Fetched 50 instances, total: 16750
Fetched 50 instances, total: 16800
Fetched 50 instances, total: 16850
Fetched 50 instances, total: 16900
Fetched 50 instances, total: 16950
Fetched 50 instances, total: 17000
Fetched 50 instances, total: 17050
Fetched 50 instances, total: 17100
Fetched 50 instances, total: 17150
Fetched 50 instances, total: 17200
Fetched 50 instances, total: 17250
Fetched 50 instances, total: 17300
Fetched 50 instances, total: 17350
Fetched 50 instances, total: 17400
Fetched 50 instances, total: 17450
Fetched 50 instances, total: 17500
Fetched 50 instances, total: 17550
Fetched 50 instances, total: 17600
Fetched 50 instances, total: 17650
Fetched 50 instances, total: 17700
Fetched 50 instances, total: 17750
Fetched 50 instances, total: 17800
Fetched 50 instances, total: 17850
Fetched 50 instances, total: 17900
Fetched 50 instances, total: 17950
Fetched 50 instances, total: 18000
Fetched 50 instances, total: 18050
Fetched 50 instances, total: 18100
Fetched 50 instances, total: 18150
Fetched 50 instances, total: 18200
Fetched 50 instances, total: 18250
Fetched 50 instances, total: 18300
Fetched 50 instances, total: 18350
Fetched 50 instances, total: 18400
Fetched 50 instances, total: 18450
Fetched 50 instances, total: 18500
Fetched 50 instances, total: 18550
Fetched 50 instances, total: 18600
Fetched 50 instances, total: 18650
Fetched 50 instances, total: 18700
Fetched 50 instances, total: 18750
Fetched 50 instances, total: 18800
Fetched 50 instances, total: 18850
Fetched 50 instances, total: 18900
Fetched 50 instances, total: 18950
Fetched 50 instances, total: 19000
Fetched 50 instances, total: 19050
Fetched 50 instances, total: 19100
Fetched 50 instances, total: 19150
Fetched 50 instances, total: 19200
Fetched 50 instances, total: 19250
Fetched 50 instances, total: 19300
Fetched 50 instances, total: 19350
Fetched 50 instances, total: 19400
Fetched 50 instances, total: 19450
Fetched 50 instances, total: 19500
Fetched 50 instances, total: 19550
Fetched 50 instances, total: 19600
Fetched 50 instances, total: 19650
Fetched 50 instances, total: 19700
Fetched 50 instances, total: 19750
Fetched 50 instances, total: 19800
Fetched 50 instances, total: 19850
Fetched 50 instances, total: 19900
Fetched 50 instances, total: 19950
Fetched 50 instances, total: 20000
Fetched 50 instances, total: 20050
Fetched 50 instances, total: 20100
Fetched 50 instances, total: 20150
Fetched 50 instances, total: 20200
Fetched 50 instances, total: 20250
Fetched 50 instances, total: 20300
Fetched 50 instances, total: 20350
Fetched 50 instances, total: 20400
Fetched 50 instances, total: 20450
Fetched 50 instances, total: 20500
Fetched 50 instances, total: 20550
Fetched 50 instances, total: 20600
Fetched 50 instances, total: 20650
Fetched 50 instances, total: 20700
Fetched 50 instances, total: 20750
Fetched 50 instances, total: 20800
Fetched 50 instances, total: 20850
Fetched 50 instances, total: 20900
Fetched 50 instances, total: 20950
Fetched 50 instances, total: 21000
Fetched 50 instances, total: 21050
Fetched 50 instances, total: 21100
Fetched 50 instances, total: 21150
Fetched 50 instances, total: 21200
Fetched 50 instances, total: 21250
Fetched 50 instances, total: 21300
Fetched 50 instances, total: 21350
Fetched 50 instances, total: 21400
Fetched 50 instances, total: 21450
Fetched 50 instances, total: 21500
Fetched 50 instances, total: 21550
Fetched 50 instances, total: 21600
Fetched 50 instances, total: 21650
Fetched 50 instances, total: 21700
Fetched 50 instances, total: 21750
Fetched 50 instances, total: 21800
Fetched 50 instances, total: 21850
Fetched 50 instances, total: 21900
Fetched 50 instances, total: 21950
Fetched 50 instances, total: 22000
Fetched 50 instances, total: 22050
Fetched 50 instances, total: 22100
Fetched 50 instances, total: 22150
Fetched 50 instances, total: 22200
Fetched 50 instances, total: 22250
Fetched 50 instances, total: 22300
Fetched 50 instances, total: 22350
Fetched 50 instances, total: 22400
Fetched 50 instances, total: 22450
Fetched 50 instances, total: 22500
Fetched 50 instances, total: 22550
Fetched 50 instances, total: 22600
Fetched 50 instances, total: 22650
Fetched 50 instances, total: 22700
Fetched 50 instances, total: 22750
Fetched 50 instances, total: 22800
Fetched 50 instances, total: 22850
Fetched 50 instances, total: 22900
Fetched 50 instances, total: 22950
Fetched 50 instances, total: 23000
Fetched 50 instances, total: 23050
Fetched 50 instances, total: 23100
Fetched 50 instances, total: 23150
Fetched 50 instances, total: 23200
Fetched 50 instances, total: 23250
Fetched 50 instances, total: 23300
Fetched 50 instances, total: 23350
Fetched 50 instances, total: 23400
Fetched 50 instances, total: 23450
Fetched 50 instances, total: 23500
Fetched 50 instances, total: 23550
Fetched 50 instances, total: 23600
Fetched 50 instances, total: 23650
Fetched 50 instances, total: 23700
Fetched 50 instances, total: 23750
Fetched 50 instances, total: 23800
Fetched 50 instances, total: 23850
Fetched 50 instances, total: 23900
Fetched 50 instances, total: 23950
Fetched 50 instances, total: 24000
Fetched 50 instances, total: 24050
Fetched 50 instances, total: 24100
Fetched 50 instances, total: 24150
Fetched 50 instances, total: 24200
Fetched 50 instances, total: 24250
Fetched 50 instances, total: 24300
Fetched 50 instances, total: 24350
Fetched 50 instances, total: 24400
Fetched 50 instances, total: 24450
Fetched 50 instances, total: 24500
Fetched 50 instances, total: 24550
Fetched 50 instances, total: 24600
Fetched 50 instances, total: 24650
Fetched 50 instances, total: 24700
Fetched 50 instances, total: 24750
Fetched 50 instances, total: 24800
Fetched 50 instances, total: 24850
Fetched 50 instances, total: 24900
Fetched 50 instances, total: 24950
Fetched 50 instances, total: 25000
Fetched 50 instances, total: 25050
Fetched 50 instances, total: 25100
Fetched 50 instances, total: 25150
Fetched 50 instances, total: 25200
Fetched 50 instances, total: 25250
Fetched 50 instances, total: 25300
Fetched 50 instances, total: 25350
Fetched 50 instances, total: 25400
Fetched 50 instances, total: 25450
Fetched 50 instances, total: 25500
Fetched 50 instances, total: 25550
Fetched 50 instances, total: 25600
Fetched 50 instances, total: 25650
Fetched 50 instances, total: 25700
Fetched 50 instances, total: 25750
Fetched 50 instances, total: 25800
Fetched 50 instances, total: 25850
Fetched 50 instances, total: 25900
Fetched 50 instances, total: 25950
Fetched 50 instances, total: 26000
Fetched 50 instances, total: 26050
Fetched 50 instances, total: 26100
Fetched 50 instances, total: 26150
Fetched 50 instances, total: 26200
Fetched 50 instances, total: 26250
Fetched 50 instances, total: 26300
Fetched 50 instances, total: 26350
Fetched 50 instances, total: 26400
Fetched 50 instances, total: 26450
Fetched 50 instances, total: 26500
Fetched 50 instances, total: 26550
Fetched 50 instances, total: 26600
Fetched 50 instances, total: 26650
Fetched 50 instances, total: 26700
Fetched 50 instances, total: 26750
Fetched 50 instances, total: 26800
Fetched 50 instances, total: 26850
Fetched 50 instances, total: 26900
Fetched 50 instances, total: 26950
Fetched 50 instances, total: 27000
Fetched 50 instances, total: 27050
Fetched 50 instances, total: 27100
Fetched 50 instances, total: 27150
Fetched 50 instances, total: 27200
Fetched 50 instances, total: 27250
Fetched 50 instances, total: 27300
Fetched 50 instances, total: 27350
Fetched 50 instances, total: 27400
Fetched 50 instances, total: 27450
Fetched 50 instances, total: 27500
Fetched 50 instances, total: 27550
Fetched 50 instances, total: 27600
Fetched 50 instances, total: 27650
Fetched 50 instances, total: 27700
Fetched 50 instances, total: 27750
Fetched 50 instances, total: 27800
Fetched 50 instances, total: 27850
Fetched 50 instances, total: 27900
Fetched 50 instances, total: 27950
Fetched 50 instances, total: 28000
Fetched 50 instances, total: 28050
Fetched 50 instances, total: 28100
Fetched 50 instances, total: 28150
Fetched 50 instances, total: 28200
Fetched 50 instances, total: 28250
Fetched 50 instances, total: 28300
Fetched 50 instances, total: 28350
Fetched 50 instances, total: 28400
Fetched 50 instances, total: 28450
Fetched 50 instances, total: 28500
Fetched 50 instances, total: 28550
Fetched 50 instances, total: 28600
Fetched 50 instances, total: 28650
Fetched 50 instances, total: 28700
Fetched 50 instances, total: 28750
Fetched 50 instances, total: 28800
Fetched 50 instances, total: 28850
Fetched 50 instances, total: 28900
Fetched 50 instances, total: 28950
Fetched 50 instances, total: 29000
Fetched 50 instances, total: 29050
Fetched 50 instances, total: 29100
Fetched 50 instances, total: 29150
Fetched 50 instances, total: 29200
Fetched 50 instances, total: 29250
Fetched 50 instances, total: 29300
Fetched 50 instances, total: 29350
Fetched 50 instances, total: 29400
Fetched 50 instances, total: 29450
Fetched 50 instances, total: 29500
Fetched 50 instances, total: 29550
Fetched 50 instances, total: 29600
Fetched 50 instances, total: 29650
Fetched 50 instances, total: 29700
Fetched 50 instances, total: 29750
Fetched 50 instances, total: 29800
Fetched 50 instances, total: 29850
Fetched 50 instances, total: 29900
Fetched 50 instances, total: 29950
Fetched 50 instances, total: 30000
Fetched 50 instances, total: 30050
Fetched 50 instances, total: 30100
Fetched 50 instances, total: 30150
Fetched 50 instances, total: 30200
Fetched 50 instances, total: 30250
Fetched 50 instances, total: 30300
Fetched 50 instances, total: 30350
Fetched 50 instances, total: 30400
Fetched 50 instances, total: 30450
Fetched 50 instances, total: 30500
Fetched 50 instances, total: 30550
Fetched 50 instances, total: 30600
Fetched 50 instances, total: 30650
Fetched 50 instances, total: 30700
Fetched 50 instances, total: 30750
Fetched 50 instances, total: 30800
Fetched 50 instances, total: 30850
Fetched 50 instances, total: 30900
Fetched 50 instances, total: 30950
Fetched 50 instances, total: 31000
Fetched 50 instances, total: 31050
Fetched 50 instances, total: 31100
Fetched 50 instances, total: 31150
Fetched 50 instances, total: 31200
Fetched 50 instances, total: 31250
Fetched 50 instances, total: 31300
Fetched 50 instances, total: 31350
Fetched 50 instances, total: 31400
Fetched 50 instances, total: 31450
Fetched 50 instances, total: 31500
Fetched 50 instances, total: 31550
Fetched 50 instances, total: 31600
Fetched 50 instances, total: 31650
Fetched 50 instances, total: 31700
Fetched 50 instances, total: 31750
Fetched 50 instances, total: 31800
Fetched 50 instances, total: 31850
Fetched 50 instances, total: 31900
Fetched 50 instances, total: 31950
Fetched 50 instances, total: 32000
Fetched 50 instances, total: 32050
Fetched 50 instances, total: 32100
Fetched 50 instances, total: 32150
Fetched 50 instances, total: 32200
Fetched 50 instances, total: 32250
Fetched 50 instances, total: 32300
Fetched 50 instances, total: 32350
Fetched 50 instances, total: 32400
Fetched 50 instances, total: 32450
Fetched 50 instances, total: 32500
Fetched 50 instances, total: 32550
Fetched 50 instances, total: 32600
Fetched 50 instances, total: 32650
Fetched 50 instances, total: 32700
Fetched 50 instances, total: 32750
Fetched 50 instances, total: 32800
Fetched 50 instances, total: 32850
Fetched 50 instances, total: 32900
Fetched 50 instances, total: 32950
Fetched 50 instances, total: 33000
Fetched 50 instances, total: 33050
Fetched 50 instances, total: 33100
Fetched 50 instances, total: 33150
Fetched 50 instances, total: 33200
Fetched 50 instances, total: 33250
Fetched 50 instances, total: 33300
Fetched 50 instances, total: 33350
Fetched 50 instances, total: 33400
Fetched 50 instances, total: 33450
Fetched 50 instances, total: 33500
Fetched 50 instances, total: 33550
Fetched 50 instances, total: 33600
Fetched 50 instances, total: 33650
Fetched 50 instances, total: 33700
Fetched 50 instances, total: 33750
Fetched 50 instances, total: 33800
Fetched 50 instances, total: 33850
Fetched 50 instances, total: 33900
Fetched 50 instances, total: 33950
Fetched 50 instances, total: 34000
Fetched 50 instances, total: 34050
Fetched 50 instances, total: 34100
Fetched 50 instances, total: 34150
Fetched 50 instances, total: 34200
Fetched 50 instances, total: 34250
Fetched 50 instances, total: 34300
Fetched 50 instances, total: 34350
Fetched 50 instances, total: 34400
Fetched 50 instances, total: 34450
Fetched 50 instances, total: 34500
Fetched 50 instances, total: 34550
Fetched 50 instances, total: 34600
Fetched 50 instances, total: 34650
Fetched 50 instances, total: 34700
Fetched 50 instances, total: 34750
Fetched 50 instances, total: 34800
Fetched 50 instances, total: 34850
Fetched 50 instances, total: 34900
Fetched 50 instances, total: 34950
Fetched 50 instances, total: 35000
Fetched 50 instances, total: 35050
Fetched 50 instances, total: 35100
Fetched 50 instances, total: 35150
Fetched 50 instances, total: 35200
Fetched 50 instances, total: 35250
Fetched 50 instances, total: 35300
Fetched 50 instances, total: 35350
Fetched 50 instances, total: 35400
Fetched 50 instances, total: 35450
Fetched 50 instances, total: 35500
Fetched 50 instances, total: 35550
Fetched 50 instances, total: 35600
Fetched 50 instances, total: 35650
Fetched 50 instances, total: 35700
Fetched 50 instances, total: 35750
Fetched 50 instances, total: 35800
Fetched 50 instances, total: 35850
Fetched 50 instances, total: 35900
Fetched 50 instances, total: 35950
Fetched 50 instances, total: 36000
Fetched 50 instances, total: 36050
Fetched 50 instances, total: 36100
Fetched 50 instances, total: 36150
Fetched 50 instances, total: 36200
Fetched 50 instances, total: 36250
Fetched 50 instances, total: 36300
Fetched 50 instances, total: 36350
Fetched 50 instances, total: 36400
Fetched 50 instances, total: 36450
Fetched 50 instances, total: 36500
Fetched 50 instances, total: 36550
Fetched 50 instances, total: 36600
Fetched 50 instances, total: 36650
Fetched 50 instances, total: 36700
Fetched 50 instances, total: 36750
Fetched 50 instances, total: 36800
Fetched 50 instances, total: 36850
Fetched 50 instances, total: 36900
Fetched 50 instances, total: 36950
Fetched 50 instances, total: 37000
Fetched 50 instances, total: 37050
Fetched 50 instances, total: 37100
Fetched 50 instances, total: 37150
Fetched 50 instances, total: 37200
Fetched 50 instances, total: 37250
Fetched 50 instances, total: 37300
Fetched 50 instances, total: 37350
Fetched 50 instances, total: 37400
Fetched 50 instances, total: 37450
Fetched 50 instances, total: 37500
Fetched 50 instances, total: 37550
Fetched 50 instances, total: 37600
Fetched 50 instances, total: 37650
Fetched 50 instances, total: 37700
Fetched 50 instances, total: 37750
Fetched 50 instances, total: 37800
Fetched 50 instances, total: 37850
Fetched 50 instances, total: 37900
Fetched 50 instances, total: 37950
Fetched 50 instances, total: 38000
Fetched 50 instances, total: 38050
Fetched 50 instances, total: 38100
Fetched 50 instances, total: 38150
Fetched 50 instances, total: 38200
Fetched 50 instances, total: 38250
Fetched 50 instances, total: 38300
Fetched 50 instances, total: 38350
Fetched 50 instances, total: 38400
Fetched 50 instances, total: 38450
Fetched 50 instances, total: 38500
Fetched 50 instances, total: 38550
Fetched 50 instances, total: 38600
Fetched 50 instances, total: 38650
Fetched 50 instances, total: 38700
Fetched 50 instances, total: 38750
Fetched 50 instances, total: 38800
Fetched 50 instances, total: 38850
Fetched 50 instances, total: 38900
Fetched 50 instances, total: 38950
Fetched 50 instances, total: 39000
Fetched 50 instances, total: 39050
Fetched 50 instances, total: 39100
Fetched 50 instances, total: 39150
Fetched 50 instances, total: 39200
Fetched 50 instances, total: 39250
Fetched 50 instances, total: 39300
Fetched 50 instances, total: 39350
Fetched 50 instances, total: 39400
Fetched 50 instances, total: 39450
Fetched 50 instances, total: 39500
Fetched 50 instances, total: 39550
Fetched 50 instances, total: 39600
Fetched 50 instances, total: 39650
Fetched 50 instances, total: 39700
Fetched 50 instances, total: 39750
Fetched 50 instances, total: 39800
Fetched 50 instances, total: 39850
Fetched 50 instances, total: 39900
Fetched 50 instances, total: 39950
Fetched 50 instances, total: 40000
Fetched 50 instances, total: 40050
Fetched 50 instances, total: 40100
Fetched 50 instances, total: 40150
Fetched 50 instances, total: 40200
Fetched 50 instances, total: 40250
Fetched 50 instances, total: 40300
Fetched 50 instances, total: 40350
Fetched 50 instances, total: 40400
Fetched 50 instances, total: 40450
Fetched 50 instances, total: 40500
Fetched 50 instances, total: 40550
Fetched 50 instances, total: 40600
Fetched 50 instances, total: 40650
Fetched 50 instances, total: 40700
Fetched 50 instances, total: 40750
Fetched 50 instances, total: 40800
Fetched 50 instances, total: 40850
Fetched 50 instances, total: 40900
Fetched 50 instances, total: 40950
Fetched 50 instances, total: 41000
Fetched 50 instances, total: 41050
Fetched 50 instances, total: 41100
Fetched 50 instances, total: 41150
Fetched 50 instances, total: 41200
Fetched 50 instances, total: 41250
Fetched 50 instances, total: 41300
Fetched 50 instances, total: 41350
Fetched 50 instances, total: 41400
Fetched 50 instances, total: 41450
Fetched 50 instances, total: 41500
Fetched 50 instances, total: 41550
Fetched 50 instances, total: 41600
Fetched 50 instances, total: 41650
Fetched 50 instances, total: 41700
Fetched 50 instances, total: 41750
Fetched 50 instances, total: 41800
Fetched 50 instances, total: 41850
Fetched 50 instances, total: 41900
Fetched 50 instances, total: 41950
Fetched 50 instances, total: 42000
Fetched 50 instances, total: 42050
Fetched 50 instances, total: 42100
Fetched 50 instances, total: 42150
Fetched 50 instances, total: 42200
Fetched 50 instances, total: 42250
Fetched 50 instances, total: 42300
Fetched 50 instances, total: 42350
Fetched 50 instances, total: 42400
Fetched 50 instances, total: 42450
Fetched 50 instances, total: 42500
Fetched 50 instances, total: 42550
Fetched 50 instances, total: 42600
Fetched 50 instances, total: 42650
Fetched 50 instances, total: 42700
Fetched 50 instances, total: 42750
Fetched 50 instances, total: 42800
Fetched 50 instances, total: 42850
Fetched 50 instances, total: 42900
Fetched 50 instances, total: 42950
Fetched 50 instances, total: 43000
Fetched 50 instances, total: 43050
Fetched 50 instances, total: 43100
Fetched 50 instances, total: 43150
Fetched 50 instances, total: 43200
Fetched 50 instances, total: 43250
Fetched 50 instances, total: 43300
Fetched 50 instances, total: 43350
Fetched 50 instances, total: 43400
Fetched 50 instances, total: 43450
Fetched 50 instances, total: 43500
Fetched 50 instances, total: 43550
Fetched 50 instances, total: 43600
Fetched 50 instances, total: 43650
Fetched 50 instances, total: 43700
Fetched 50 instances, total: 43750
Fetched 50 instances, total: 43800
Fetched 50 instances, total: 43850
Fetched 50 instances, total: 43900
Fetched 50 instances, total: 43950
Fetched 50 instances, total: 44000
Fetched 50 instances, total: 44050
Fetched 50 instances, total: 44100
Fetched 50 instances, total: 44150
Fetched 50 instances, total: 44200
Fetched 50 instances, total: 44250
Fetched 50 instances, total: 44300
Fetched 50 instances, total: 44350
Fetched 50 instances, total: 44400
Fetched 50 instances, total: 44450
Fetched 50 instances, total: 44500
Fetched 50 instances, total: 44550
Fetched 50 instances, total: 44600
Fetched 50 instances, total: 44650
Fetched 50 instances, total: 44700
Fetched 50 instances, total: 44750
Fetched 50 instances, total: 44800
Fetched 50 instances, total: 44850
Fetched 50 instances, total: 44900
Fetched 50 instances, total: 44950
Fetched 50 instances, total: 45000
Fetched 50 instances, total: 45050
Fetched 50 instances, total: 45100
Fetched 50 instances, total: 45150
Fetched 50 instances, total: 45200
Fetched 50 instances, total: 45250
Fetched 50 instances, total: 45300
Fetched 50 instances, total: 45350
Fetched 50 instances, total: 45400
Fetched 50 instances, total: 45450
Fetched 50 instances, total: 45500
Fetched 50 instances, total: 45550
Fetched 50 instances, total: 45600
Fetched 50 instances, total: 45650
Fetched 50 instances, total: 45700
Fetched 50 instances, total: 45750
Fetched 50 instances, total: 45800
Fetched 50 instances, total: 45850
Fetched 50 instances, total: 45900
Fetched 50 instances, total: 45950
Fetched 50 instances, total: 46000
Fetched 50 instances, total: 46050
Fetched 50 instances, total: 46100
Fetched 50 instances, total: 46150
Fetched 50 instances, total: 46200
Fetched 50 instances, total: 46250
Fetched 50 instances, total: 46300
Fetched 50 instances, total: 46350
Fetched 50 instances, total: 46400
Fetched 50 instances, total: 46450
Fetched 50 instances, total: 46500
Fetched 50 instances, total: 46550
Fetched 50 instances, total: 46600
Fetched 50 instances, total: 46650
Fetched 50 instances, total: 46700
Fetched 50 instances, total: 46750
Fetched 50 instances, total: 46800
Fetched 50 instances, total: 46850
Fetched 50 instances, total: 46900
Fetched 50 instances, total: 46950
Fetched 50 instances, total: 47000
Fetched 50 instances, total: 47050
Fetched 50 instances, total: 47100
Fetched 50 instances, total: 47150
Fetched 50 instances, total: 47200
Fetched 50 instances, total: 47250
Fetched 50 instances, total: 47300
Fetched 50 instances, total: 47350
Fetched 50 instances, total: 47400
Fetched 50 instances, total: 47450
Fetched 50 instances, total: 47500
Fetched 50 instances, total: 47550
Fetched 50 instances, total: 47600
Fetched 50 instances, total: 47650
Fetched 50 instances, total: 47700
Fetched 50 instances, total: 47750
Fetched 50 instances, total: 47800
Fetched 50 instances, total: 47850
Fetched 50 instances, total: 47900
Fetched 50 instances, total: 47950
Fetched 50 instances, total: 48000
Fetched 50 instances, total: 48050
Fetched 50 instances, total: 48100
Fetched 50 instances, total: 48150
Fetched 50 instances, total: 48200
Fetched 50 instances, total: 48250
Fetched 50 instances, total: 48300
Fetched 50 instances, total: 48350
Fetched 50 instances, total: 48400
Fetched 50 instances, total: 48450
Fetched 50 instances, total: 48500
Fetched 50 instances, total: 48550
Fetched 50 instances, total: 48600
Fetched 50 instances, total: 48650
Fetched 50 instances, total: 48700
Fetched 50 instances, total: 48750
Fetched 50 instances, total: 48800
Fetched 50 instances, total: 48850
Fetched 50 instances, total: 48900
Fetched 50 instances, total: 48950
Fetched 50 instances, total: 49000
Fetched 50 instances, total: 49050
Fetched 50 instances, total: 49100
Fetched 50 instances, total: 49150
Fetched 50 instances, total: 49200
Fetched 50 instances, total: 49250
Fetched 50 instances, total: 49300
Fetched 50 instances, total: 49350
Fetched 50 instances, total: 49400
Fetched 50 instances, total: 49450
Fetched 50 instances, total: 49500
Fetched 50 instances, total: 49550
Fetched 50 instances, total: 49600
Fetched 50 instances, total: 49650
Fetched 50 instances, total: 49700
Fetched 50 instances, total: 49750
Fetched 50 instances, total: 49800
Fetched 50 instances, total: 49850
Fetched 50 instances, total: 49900
Fetched 50 instances, total: 49950
Fetched 50 instances, total: 50000
Written 50000 entries to /Users/mario/zk/zk-nft-migration/src/instances/JapanCreatorCollection_instances.csv
Processing Walkmon...
Token has 791 holders
Fetched 50 instances, total: 50
Fetched 50 instances, total: 100
Fetched 50 instances, total: 150
Fetched 50 instances, total: 200
Fetched 50 instances, total: 250
Fetched 50 instances, total: 300
Fetched 50 instances, total: 350
Fetched 50 instances, total: 400
Fetched 50 instances, total: 450
Fetched 50 instances, total: 500
Fetched 50 instances, total: 550
Fetched 50 instances, total: 600
Fetched 50 instances, total: 650
Fetched 50 instances, total: 700
Fetched 50 instances, total: 750
Fetched 50 instances, total: 800
Fetched 50 instances, total: 850
Fetched 50 instances, total: 900
Fetched 50 instances, total: 950
Fetched 50 instances, total: 1000
Fetched 50 instances, total: 1050
Fetched 50 instances, total: 1100
Fetched 50 instances, total: 1150
Fetched 50 instances, total: 1200
Fetched 50 instances, total: 1250
Fetched 50 instances, total: 1300
Fetched 50 instances, total: 1350
Fetched 50 instances, total: 1400
Fetched 50 instances, total: 1450
Fetched 50 instances, total: 1500
Fetched 50 instances, total: 1550
Fetched 50 instances, total: 1600
Fetched 50 instances, total: 1650
Fetched 50 instances, total: 1700
Fetched 50 instances, total: 1750
Fetched 50 instances, total: 1800
Fetched 50 instances, total: 1850
Fetched 50 instances, total: 1900
Fetched 50 instances, total: 1950
Fetched 29 instances, total: 1979
Written 1979 entries to /Users/mario/zk/zk-nft-migration/src/instances/Walkmon_instances.csv
Processing DenShinSanKa...
Token has 403 holders
Fetched 50 instances, total: 50
Fetched 50 instances, total: 100
Fetched 50 instances, total: 150
Fetched 50 instances, total: 200
Fetched 50 instances, total: 250
Fetched 50 instances, total: 300
Fetched 50 instances, total: 350
Fetched 50 instances, total: 400
Fetched 50 instances, total: 450
Fetched 50 instances, total: 500
Fetched 50 instances, total: 550
Fetched 50 instances, total: 600
Fetched 50 instances, total: 650
Fetched 50 instances, total: 700
Fetched 50 instances, total: 750
Fetched 6 instances, total: 756
Written 756 entries to /Users/mario/zk/zk-nft-migration/src/instances/DenShinSanKa_instances.csv
Processing SNPIT...
Token has 430 holders
Fetched 50 instances, total: 50
Fetched 50 instances, total: 100
Fetched 50 instances, total: 150
Fetched 50 instances, total: 200
Fetched 50 instances, total: 250
Fetched 50 instances, total: 300
Fetched 50 instances, total: 350
Fetched 50 instances, total: 400
Fetched 50 instances, total: 450
Fetched 50 instances, total: 500
Fetched 50 instances, total: 550
Fetched 50 instances, total: 600
Fetched 50 instances, total: 650
Fetched 50 instances, total: 700
Fetched 50 instances, total: 750
Fetched 50 instances, total: 800
Fetched 50 instances, total: 850
Fetched 50 instances, total: 900
Fetched 50 instances, total: 950
Fetched 50 instances, total: 1000
Written 1000 entries to /Users/mario/zk/zk-nft-migration/src/instances/SNPIT_instances.csv
Processing DoF...
Token has 699 holders
Fetched 50 instances, total: 50
Fetched 50 instances, total: 100
Fetched 50 instances, total: 150
Fetched 50 instances, total: 200
Fetched 50 instances, total: 250
Fetched 50 instances, total: 300
Fetched 50 instances, total: 350
Fetched 50 instances, total: 400
Fetched 50 instances, total: 450
Fetched 50 instances, total: 500
Fetched 50 instances, total: 550
Fetched 50 instances, total: 600
Fetched 50 instances, total: 650
Fetched 50 instances, total: 700
Fetched 50 instances, total: 750
Fetched 50 instances, total: 800
Fetched 50 instances, total: 850
Fetched 50 instances, total: 900
Fetched 50 instances, total: 950
Fetched 50 instances, total: 1000
Written 1000 entries to /Users/mario/zk/zk-nft-migration/src/instances/DoF_instances.csv
Processing DEKSA...
Token has 122 holders
Fetched 50 instances, total: 50
Fetched 50 instances, total: 100
Fetched 50 instances, total: 150
Fetched 50 instances, total: 200
Fetched 50 instances, total: 250
Fetched 50 instances, total: 300
Fetched 50 instances, total: 350
Fetched 50 instances, total: 400
Fetched 50 instances, total: 450
Fetched 50 instances, total: 500
Fetched 50 instances, total: 550
Fetched 50 instances, total: 600
Fetched 50 instances, total: 650
Fetched 50 instances, total: 700
Fetched 50 instances, total: 750
Fetched 50 instances, total: 800
Fetched 50 instances, total: 850
Fetched 50 instances, total: 900
Fetched 50 instances, total: 950
Fetched 49 instances, total: 999
Written 999 entries to /Users/mario/zk/zk-nft-migration/src/instances/DEKSA_instances.csv
Processing Neemo...
Token has 375 holders
Fetched 50 instances, total: 50
Fetched 50 instances, total: 100
Fetched 50 instances, total: 150
Fetched 50 instances, total: 200
Fetched 50 instances, total: 250
Fetched 50 instances, total: 300
Fetched 50 instances, total: 350
Fetched 25 instances, total: 375
Written 375 entries to /Users/mario/zk/zk-nft-migration/src/instances/Neemo_instances.csv
Processing On1force...
Token has 416 holders
Fetched 50 instances, total: 50
Fetched 50 instances, total: 100
Fetched 50 instances, total: 150
Fetched 50 instances, total: 200
Fetched 50 instances, total: 250
Fetched 50 instances, total: 300
Fetched 50 instances, total: 350
Fetched 50 instances, total: 400
Fetched 50 instances, total: 450
Fetched 50 instances, total: 500
Fetched 50 instances, total: 550
Fetched 50 instances, total: 600
Fetched 50 instances, total: 650
Fetched 50 instances, total: 700
Fetched 50 instances, total: 750
Fetched 27 instances, total: 777
Written 777 entries to /Users/mario/zk/zk-nft-migration/src/instances/On1force_instances.csv
Processing SkyLabs...
Token has 134 holders
Fetched 50 instances, total: 50
Fetched 50 instances, total: 100
Fetched 50 instances, total: 150
Fetched 42 instances, total: 192
Written 192 entries to /Users/mario/zk/zk-nft-migration/src/instances/SkyLabs_instances.csv
Processing Kamui...
Token has 426 holders
Fetched 50 instances, total: 50
Fetched 50 instances, total: 100
Fetched 50 instances, total: 150
Fetched 50 instances, total: 200
Fetched 50 instances, total: 250
Fetched 50 instances, total: 300
Fetched 50 instances, total: 350
Fetched 50 instances, total: 400
Fetched 50 instances, total: 450
Fetched 50 instances, total: 500
Fetched 50 instances, total: 550
Fetched 50 instances, total: 600
Fetched 50 instances, total: 650
Fetched 50 instances, total: 700
Fetched 6 instances, total: 706
Written 706 entries to /Users/mario/zk/zk-nft-migration/src/instances/Kamui_instances.csv
Processing Packs...
Token has 106 holders
Fetched 50 instances, total: 50
Fetched 50 instances, total: 100
Fetched 50 instances, total: 150
Written 150 entries to /Users/mario/zk/zk-nft-migration/src/instances/Packs_instances.csv
Processing Airian...
Token has 1058 holders
Fetched 50 instances, total: 50
Fetched 50 instances, total: 100
Fetched 50 instances, total: 150
Fetched 50 instances, total: 200
Fetched 50 instances, total: 250
Fetched 50 instances, total: 300
Fetched 50 instances, total: 350
Fetched 50 instances, total: 400
Fetched 50 instances, total: 450
Fetched 50 instances, total: 500
Fetched 50 instances, total: 550
Fetched 50 instances, total: 600
Fetched 50 instances, total: 650
Fetched 50 instances, total: 700
Fetched 50 instances, total: 750
Fetched 50 instances, total: 800
Fetched 50 instances, total: 850
Fetched 50 instances, total: 900
Fetched 50 instances, total: 950
Fetched 50 instances, total: 1000
Fetched 50 instances, total: 1050
Fetched 50 instances, total: 1100
Fetched 50 instances, total: 1150
Fetched 50 instances, total: 1200
Fetched 50 instances, total: 1250
Fetched 50 instances, total: 1300
Fetched 50 instances, total: 1350
Fetched 50 instances, total: 1400
Fetched 50 instances, total: 1450
Fetched 50 instances, total: 1500
Fetched 50 instances, total: 1550
Fetched 50 instances, total: 1600
Fetched 50 instances, total: 1650
Fetched 50 instances, total: 1700
Fetched 50 instances, total: 1750
Fetched 50 instances, total: 1800
Fetched 50 instances, total: 1850
Fetched 50 instances, total: 1900
Fetched 50 instances, total: 1950
Fetched 50 instances, total: 2000
Written 2000 entries to /Users/mario/zk/zk-nft-migration/src/instances/Airian_instances.csv

âžœ date
Thu Feb  6 15:57:43 CET 2025