Verifying casio...
Results for casio with total 2075:
  Total samples: 415
  Verified: 415
  Failed: 0
-------------------
Verifying origamiKokyo...
Results for origamiKokyo with total 3000:
  Total samples: 600
  Verified: 600
  Failed: 0
-------------------
Verifying jrKyushuFree...
Results for jrKyushuFree with total 6967:
  Total samples: 1393
  Verified: 1393
  Failed: 0
-------------------
Verifying jrKyushuPaid...
Results for jrKyushuPaid with total 1126:
  Total samples: 224
  Verified: 224
  Failed: 0
-------------------
Verifying onigiriman...
Results for onigiriman with total 390:
  Total samples: 78
  Verified: 78
  Failed: 0
-------------------
Verifying mazda...
Results for mazda with total 2088:
  Total samples: 417
  Verified: 417
  Failed: 0
-------------------
Verifying candyGirl...
Results for candyGirl with total 12725:
  Total samples: 2545
  Verified: 2545
  Failed: 0
-------------------
Verifying sashimi...
Results for sashimi with total 451:
  Total samples: 90
  Verified: 90
  Failed: 0
-------------------
Verifying UZNo...
Results for UZNo with total 2050:
  Total samples: 410
  Verified: 410
  Failed: 0
-------------------
Verifying DenDekaDen...
Results for DenDekaDen with total 8888:
  Total samples: 1777
  Verified: 1777
  Failed: 0
-------------------
Verifying CityPopTokyo...
Results for CityPopTokyo with total 3641:
  Total samples: 728
  Verified: 728
  Failed: 0
-------------------
Verifying JapanCreatorCollection...
Results for JapanCreatorCollection with total 50000:
  Total samples: 10000
  Verified: 10000
  Failed: 0
-------------------
Verifying Walkmon...
Results for Walkmon with total 1979:
  Total samples: 396
  Verified: 396
  Failed: 0
-------------------
Verifying DenShinSanKa...
Results for DenShinSanKa with total 756:
  Total samples: 151
  Verified: 151
  Failed: 0
-------------------
Verifying SNPIT...
Results for SNPIT with total 1000:
  Total samples: 199
  Verified: 199
  Failed: 0
-------------------
Verifying DoF...
Results for DoF with total 1000:
  Total samples: 200
  Verified: 200
  Failed: 0
-------------------
Verifying DEKSA...
Results for DEKSA with total 999:
  Total samples: 200
  Verified: 200
  Failed: 0
-------------------
Verifying Neemo...
Results for Neemo with total 375:
  Total samples: 75
  Verified: 75
  Failed: 0
-------------------
Verifying On1force...
Results for On1force with total 777:
  Total samples: 155
  Verified: 155
  Failed: 0
-------------------
Verifying SkyLabs...
Results for SkyLabs with total 192:
  Total samples: 38
  Verified: 38
  Failed: 0
-------------------
Verifying Kamui...
Results for Kamui with total 706:
  Total samples: 140
  Verified: 140
  Failed: 0
-------------------
Verifying Packs...
Results for Packs with total 150:
  Total samples: 29
  Verified: 29
  Failed: 0
-------------------
Verifying Airian...
Results for Airian with total 2000:
  Total samples: 400
  Verified: 400
  Failed: 0
-------------------